<?xml version="1.0" encoding="UTF-8"?>
<!-- Generated by org.testng.reporters.JUnitXMLReporter -->
<testsuite hostname="Siris-Macbook.attlocal.net" name="Default test" tests="4" failures="0" timestamp="3 Apr 2019 00:20:02 GMT" time="51.019" errors="0">
  <testcase name="homepage" time="44.241" classname="myproject.Homepage"/>
  <testcase name="newuser" time="4.254" classname="myproject.Homepage"/>
  <testcase name="userpage" time="1.733" classname="myproject.Homepage"/>
  <testcase name="testApp" time="0.002" classname="myproject.AppTest"/>
</testsuite> <!-- Default test -->
