<?xml version="1.0" encoding="UTF-8"?>
<!-- Generated by org.testng.reporters.JUnitXMLReporter -->
<testsuite hostname="Siris-Macbook.attlocal.net" name="Test" tests="4" failures="0" timestamp="28 Mar 2019 02:58:39 GMT" time="34.164" errors="0">
  <testcase name="homepage" time="27.957" classname="myproject.Homepage"/>
  <testcase name="newuser" time="4.111" classname="myproject.Homepage"/>
  <testcase name="userpage" time="1.763" classname="myproject.Homepage"/>
  <testcase name="testApp" time="0.002" classname="myproject.AppTest"/>
</testsuite> <!-- Test -->
