<?xml version="1.0" encoding="UTF-8"?>
<testng-results skipped="0" failed="0" total="4" passed="4">
  <reporter-output>
  </reporter-output>
  <suite name="Default suite" duration-ms="51019" started-at="2019-04-03T00:19:11Z" finished-at="2019-04-03T00:20:02Z">
    <groups>
    </groups>
    <test name="Default test" duration-ms="51019" started-at="2019-04-03T00:19:11Z" finished-at="2019-04-03T00:20:02Z">
      <class name="myproject.Homepage">
        <test-method status="PASS" signature="homepage()[pri:0, instance:myproject.Homepage@2d3379b4]" name="homepage" duration-ms="44241" started-at="2019-04-02T20:19:11Z" finished-at="2019-04-02T20:19:55Z">
          <reporter-output>
          </reporter-output>
        </test-method> <!-- homepage -->
        <test-method status="PASS" signature="newuser()[pri:0, instance:myproject.Homepage@2d3379b4]" name="newuser" duration-ms="4254" started-at="2019-04-02T20:19:55Z" finished-at="2019-04-02T20:19:59Z">
          <reporter-output>
          </reporter-output>
        </test-method> <!-- newuser -->
        <test-method status="PASS" signature="userpage()[pri:0, instance:myproject.Homepage@2d3379b4]" name="userpage" duration-ms="1733" started-at="2019-04-02T20:19:59Z" finished-at="2019-04-02T20:20:01Z">
          <reporter-output>
          </reporter-output>
        </test-method> <!-- userpage -->
        <test-method status="PASS" signature="afterClass()[pri:0, instance:myproject.Homepage@2d3379b4]" name="afterClass" is-config="true" duration-ms="715" started-at="2019-04-02T20:20:01Z" finished-at="2019-04-02T20:20:02Z">
          <reporter-output>
          </reporter-output>
        </test-method> <!-- afterClass -->
      </class> <!-- myproject.Homepage -->
      <class name="myproject.AppTest">
        <test-method status="PASS" signature="testApp()[pri:0, instance:myproject.AppTest@30c15d8b]" name="testApp" duration-ms="2" started-at="2019-04-02T20:20:02Z" finished-at="2019-04-02T20:20:02Z">
          <reporter-output>
          </reporter-output>
        </test-method> <!-- testApp -->
      </class> <!-- myproject.AppTest -->
    </test> <!-- Default test -->
  </suite> <!-- Default suite -->
</testng-results>
